<?xml version="1.0" encoding="UTF-8"?>
<!-- Generated by org.testng.reporters.JUnitXMLReporter -->
<testsuite hostname="PINKU" ignored="0" name="Test" tests="4" failures="0" timestamp="21 Aug 2018 14:23:01 GMT" time="236.216" errors="0">
  <testcase name="SearchPage" time="20.526" classname="testScript.FacebookTest"/>
  <testcase name="SearchPage" time="28.525" classname="testScript.InstagramTest"/>
  <testcase name="SearchPage" time="23.272" classname="testScript.TwitterTest"/>
  <testcase name="SearchPage" time="15.166" classname="testScript.LinkedInTest"/>
</testsuite> <!-- Test -->
